[5.0.0-CoreAdapter] omega_core.kernel loaded successfully.
--- [Framer] Starting (Multi-Process V5) ---
Source: E:/data/level2
Stage : D:\Omega_frames\v50\stage
Output: D:\Omega_frames\v50\output
Workers: 40
Found 27 archives.
[Job] Processing 20251201.7z...
       Found 22767 files. Grouping by symbol...
       Processing 7589 symbols...
       Concatenating 6925 frames...
[Done] 20251201.7z -> D:\Omega_frames\v50\output\20251201.parquet (198970 rows, 106.2s)
[Job] Processing 20251202.7z...
       Found 22764 files. Grouping by symbol...
       Processing 7588 symbols...
       Concatenating 6865 frames...
[Done] 20251202.7z -> D:\Omega_frames\v50\output\20251202.parquet (191775 rows, 102.2s)
[Job] Processing 20251203.7z...
       Found 22824 files. Grouping by symbol...
       Processing 7608 symbols...
       Concatenating 6915 frames...
[Done] 20251203.7z -> D:\Omega_frames\v50\output\20251203.parquet (201626 rows, 103.2s)
[Job] Processing 20251204.7z...
       Found 22800 files. Grouping by symbol...
       Processing 7600 symbols...
       Concatenating 6906 frames...
[Done] 20251204.7z -> D:\Omega_frames\v50\output\20251204.parquet (192942 rows, 102.4s)
[Job] Processing 20251205.7z...
       Found 22743 files. Grouping by symbol...
       Processing 7581 symbols...
       Concatenating 6922 frames...
[Done] 20251205.7z -> D:\Omega_frames\v50\output\20251205.parquet (221309 rows, 105.4s)
[Job] Processing 20251208.7z...
       Found 22815 files. Grouping by symbol...
       Processing 7605 symbols...
       Concatenating 6992 frames...
[Done] 20251208.7z -> D:\Omega_frames\v50\output\20251208.parquet (205342 rows, 108.1s)
[Job] Processing 20251209.7z...
       Found 22752 files. Grouping by symbol...
       Processing 7584 symbols...
       Concatenating 6939 frames...
[Done] 20251209.7z -> D:\Omega_frames\v50\output\20251209.parquet (199666 rows, 105.9s)
[Job] Processing 20251210.7z...
       Found 22743 files. Grouping by symbol...
       Processing 7581 symbols...
       Concatenating 6935 frames...
[Done] 20251210.7z -> D:\Omega_frames\v50\output\20251210.parquet (202344 rows, 104.9s)
[Job] Processing 20251211.7z...
       Found 22782 files. Grouping by symbol...
       Processing 7594 symbols...
       Concatenating 6935 frames...
[Done] 20251211.7z -> D:\Omega_frames\v50\output\20251211.parquet (207591 rows, 105.8s)
[Job] Processing 20251212.7z...
       Found 22725 files. Grouping by symbol...
       Processing 7575 symbols...
       Concatenating 6960 frames...
[Done] 20251212.7z -> D:\Omega_frames\v50\output\20251212.parquet (220327 rows, 110.4s)
[Job] Processing 20251215.7z...
       Found 22857 files. Grouping by symbol...
       Processing 7619 symbols...
       Concatenating 6933 frames...
[Done] 20251215.7z -> D:\Omega_frames\v50\output\20251215.parquet (188599 rows, 101.5s)
[Job] Processing 20251216.7z...
       Found 22743 files. Grouping by symbol...
       Processing 7581 symbols...
       Concatenating 7008 frames...
[Done] 20251216.7z -> D:\Omega_frames\v50\output\20251216.parquet (194888 rows, 104.7s)
[Job] Processing 20251217.7z...
       Found 22812 files. Grouping by symbol...
       Processing 7604 symbols...
       Concatenating 6947 frames...
[Done] 20251217.7z -> D:\Omega_frames\v50\output\20251217.parquet (223453 rows, 99.1s)
[Job] Processing 20251218.7z...
       Found 22800 files. Grouping by symbol...
       Processing 7600 symbols...
       Concatenating 6919 frames...
[Done] 20251218.7z -> D:\Omega_frames\v50\output\20251218.parquet (199205 rows, 102.6s)
[Job] Processing 20251219.7z...
       Found 22737 files. Grouping by symbol...
       Processing 7579 symbols...
       Concatenating 6957 frames...
[Done] 20251219.7z -> D:\Omega_frames\v50\output\20251219.parquet (208406 rows, 105.4s)
[Job] Processing 20251222.7z...
       Found 22827 files. Grouping by symbol...
       Processing 7609 symbols...
       Concatenating 6982 frames...
[Done] 20251222.7z -> D:\Omega_frames\v50\output\20251222.parquet (198717 rows, 105.9s)
[Job] Processing 20251223.7z...
       Found 22800 files. Grouping by symbol...
       Processing 7600 symbols...
       Concatenating 6975 frames...
[Done] 20251223.7z -> D:\Omega_frames\v50\output\20251223.parquet (198149 rows, 105.3s)
[Job] Processing 20251224.7z...
       Found 22806 files. Grouping by symbol...
       Processing 7602 symbols...
       Concatenating 6961 frames...
[Done] 20251224.7z -> D:\Omega_frames\v50\output\20251224.parquet (211593 rows, 105.4s)
[Job] Processing 20251225.7z...
       Found 22923 files. Grouping by symbol...
       Processing 7641 symbols...
       Concatenating 6939 frames...
[Done] 20251225.7z -> D:\Omega_frames\v50\output\20251225.parquet (212895 rows, 106.4s)
[Job] Processing 20251226.7z...
       Found 22770 files. Grouping by symbol...
       Processing 7590 symbols...
       Concatenating 6981 frames...
[Done] 20251226.7z -> D:\Omega_frames\v50\output\20251226.parquet (210355 rows, 109.8s)
[Job] Processing 20251229.7z...
       Found 22941 files. Grouping by symbol...
       Processing 7647 symbols...
       Concatenating 7025 frames...
[Done] 20251229.7z -> D:\Omega_frames\v50\output\20251229.parquet (201577 rows, 110.0s)
[Job] Processing 20251230.7z...
       Found 22815 files. Grouping by symbol...
       Processing 7605 symbols...
       Concatenating 7003 frames...
[Done] 20251230.7z -> D:\Omega_frames\v50\output\20251230.parquet (211233 rows, 110.0s)
[Job] Processing 20251231.7z...
       Found 22794 files. Grouping by symbol...
       Processing 7598 symbols...
       Concatenating 6991 frames...
[Done] 20251231.7z -> D:\Omega_frames\v50\output\20251231.parquet (203462 rows, 108.1s)
[Skip] 20251226.7z already exists at D:\Omega_frames\v50\output\20251226.parquet
[Skip] 20251229.7z already exists at D:\Omega_frames\v50\output\20251229.parquet
[Skip] 20251230.7z already exists at D:\Omega_frames\v50\output\20251230.parquet
[Skip] 20251231.7z already exists at D:\Omega_frames\v50\output\20251231.parquet
--- [Framer] Complete. Processed 27 archives. ---
--- [Framer] Starting (Multi-Process V5) ---
Source: E:/data/level2
Stage : D:\Omega_frames\v50\stage
Output: D:\Omega_frames\v50\output
Workers: 40
Found 20 archives.
[Job] Processing 20260105.7z...
       Found 22857 files. Grouping by symbol...
       Processing 7619 symbols...
       Concatenating 7129 frames...
[Done] 20260105.7z -> D:\Omega_frames\v50\output\20260105.parquet (211281 rows, 113.5s)
[Job] Processing 20260106.7z...
       Found 22887 files. Grouping by symbol...
       Processing 7629 symbols...
       Concatenating 7182 frames...
[Done] 20260106.7z -> D:\Omega_frames\v50\output\20260106.parquet (216709 rows, 117.2s)
[Job] Processing 20260107.7z...
       Found 22818 files. Grouping by symbol...
       Processing 7606 symbols...
       Concatenating 7143 frames...
[Done] 20260107.7z -> D:\Omega_frames\v50\output\20260107.parquet (212213 rows, 116.9s)
[Job] Processing 20260108.7z...
       Found 22881 files. Grouping by symbol...
       Processing 7627 symbols...
       Concatenating 7083 frames...
[Done] 20260108.7z -> D:\Omega_frames\v50\output\20260108.parquet (221540 rows, 116.5s)
[Job] Processing 20260109.7z...
       Found 22827 files. Grouping by symbol...
       Processing 7609 symbols...
       Concatenating 7109 frames...
[Done] 20260109.7z -> D:\Omega_frames\v50\output\20260109.parquet (220677 rows, 120.3s)
[Job] Processing 20260112.7z...
       Found 22953 files. Grouping by symbol...
       Processing 7651 symbols...
       Concatenating 7135 frames...
[Done] 20260112.7z -> D:\Omega_frames\v50\output\20260112.parquet (220613 rows, 122.7s)
[Job] Processing 20260113.7z...
       Found 22950 files. Grouping by symbol...
       Processing 7650 symbols...
       Concatenating 7202 frames...
[Done] 20260113.7z -> D:\Omega_frames\v50\output\20260113.parquet (213433 rows, 122.7s)
[Job] Processing 20260114.7z...
       Found 22869 files. Grouping by symbol...
       Processing 7623 symbols...
       Concatenating 7198 frames...
[Done] 20260114.7z -> D:\Omega_frames\v50\output\20260114.parquet (252799 rows, 127.5s)
[Job] Processing 20260115.7z...
       Found 23043 files. Grouping by symbol...
       Processing 7681 symbols...
       Concatenating 7117 frames...
[Done] 20260115.7z -> D:\Omega_frames\v50\output\20260115.parquet (207386 rows, 119.3s)
[Job] Processing 20260116.7z...
       Found 22950 files. Grouping by symbol...
       Processing 7650 symbols...
       Concatenating 7130 frames...
[Done] 20260116.7z -> D:\Omega_frames\v50\output\20260116.parquet (207111 rows, 118.6s)
[Job] Processing 20260119.7z...
       Found 23013 files. Grouping by symbol...
       Processing 7671 symbols...
       Concatenating 7127 frames...
[Done] 20260119.7z -> D:\Omega_frames\v50\output\20260119.parquet (204315 rows, 116.4s)
[Job] Processing 20260120.7z...
       Found 23049 files. Grouping by symbol...
       Processing 7683 symbols...
       Concatenating 7125 frames...
[Done] 20260120.7z -> D:\Omega_frames\v50\output\20260120.parquet (208970 rows, 118.7s)
[Job] Processing 20260121.7z...
       Found 23034 files. Grouping by symbol...
       Processing 7678 symbols...
       Concatenating 7139 frames...
[Done] 20260121.7z -> D:\Omega_frames\v50\output\20260121.parquet (215135 rows, 115.7s)
[Job] Processing 20260122.7z...
       Found 22941 files. Grouping by symbol...
       Processing 7647 symbols...
       Concatenating 7086 frames...
[Done] 20260122.7z -> D:\Omega_frames\v50\output\20260122.parquet (207618 rows, 115.0s)
[Job] Processing 20260123.7z...
       Found 23028 files. Grouping by symbol...
       Processing 7676 symbols...
       Concatenating 7124 frames...
[Done] 20260123.7z -> D:\Omega_frames\v50\output\20260123.parquet (224123 rows, 119.2s)
[Job] Processing 20260126.7z...
       Found 22968 files. Grouping by symbol...
       Processing 7656 symbols...
       Concatenating 7207 frames...
[Done] 20260126.7z -> D:\Omega_frames\v50\output\20260126.parquet (201369 rows, 121.2s)
[Job] Processing 20260127.7z...
       Found 22992 files. Grouping by symbol...
       Processing 7664 symbols...
       Concatenating 7186 frames...
[Done] 20260127.7z -> D:\Omega_frames\v50\output\20260127.parquet (202261 rows, 118.2s)
[Job] Processing 20260128.7z...
       Found 22968 files. Grouping by symbol...
       Processing 7656 symbols...
       Concatenating 7155 frames...
[Done] 20260128.7z -> D:\Omega_frames\v50\output\20260128.parquet (214935 rows, 118.0s)
[Job] Processing 20260129.7z...
       Found 22956 files. Grouping by symbol...
       Processing 7652 symbols...
       Concatenating 7180 frames...
[Done] 20260129.7z -> D:\Omega_frames\v50\output\20260129.parquet (228273 rows, 121.6s)
[Job] Processing 20260130.7z...
       Found 22899 files. Grouping by symbol...
       Processing 7633 symbols...
       Concatenating 7236 frames...
[Done] 20260130.7z -> D:\Omega_frames\v50\output\20260130.parquet (204030 rows, 119.5s)
--- [Framer] Complete. Processed 20 archives. ---
