[2026-02-20 23:43:08] Autopilot started hash=e78fe76 expected windows=250 linux=497 poll=180s stall=1800s optimization=True
[2026-02-20 23:43:08] Recursive audit passed at node=bootstrap
[2026-02-20 23:43:09] Frame progress linux=0/497 windows=250/250 task=Ready probe_ok=True
[2026-02-20 23:43:09] Frame stage complete.
[2026-02-20 23:43:09] Recursive audit passed at node=frame_complete
[2026-02-20 23:43:09] Skipping Frame Upload (Data Gravity Enforced). LAN Sync and Remote Build will be used.
[2026-02-20 23:43:09] Run-pinned code bundle URI: gs://omega_v52/staging/code/omega_core_20260220-154309_e78fe76.zip
[2026-02-20 23:43:09] Starting Windows Base Matrix Build (Linux bypassed)...
[2026-02-20 23:43:09] Dispatching to Windows: mkdir D:\work\Omega_vNext\artifacts\runtime\v60\base_matrix & python tools\v60_build_base_matrix.py --input-pattern=D:\Omega_frames\v52\frames\host=windows1\*_e78fe76.parquet --years=2023,2024 --hash=e78fe76 --peace-threshold=0.1 --peace-threshold-baseline=0.1 --srl-resid-sigma-mult=0.5 --symbols-per-batch=50 --max-workers=12 --output-parquet=D:\work\Omega_vNext\artifacts\runtime\v60\base_matrix\base_matrix.parquet --output-meta=D:\work\Omega_vNext\artifacts\runtime\v60\base_matrix\base_matrix.parquet.meta.json --shard-dir=D:\work\Omega_vNext\artifacts\runtime\v60\base_matrix\shards --seed=42 --no-resume
Traceback (most recent call last):
  File "/Users/zephryj/work/Omega_vNext/tools/v60_autopilot.py", line 900, in <module>
    raise SystemExit(main())
  File "/Users/zephryj/work/Omega_vNext/tools/v60_autopilot.py", line 629, in main
    res = subprocess.run(
  File "/Library/Developer/CommandLineTools/Library/Frameworks/Python3.framework/Versions/3.9/lib/python3.9/subprocess.py", line 507, in run
    stdout, stderr = process.communicate(input, timeout=timeout)
  File "/Library/Developer/CommandLineTools/Library/Frameworks/Python3.framework/Versions/3.9/lib/python3.9/subprocess.py", line 1134, in communicate
    stdout, stderr = self._communicate(input, endtime, timeout)
  File "/Library/Developer/CommandLineTools/Library/Frameworks/Python3.framework/Versions/3.9/lib/python3.9/subprocess.py", line 2021, in _communicate
    stderr = self._translate_newlines(stderr,
  File "/Library/Developer/CommandLineTools/Library/Frameworks/Python3.framework/Versions/3.9/lib/python3.9/subprocess.py", line 1011, in _translate_newlines
    data = data.decode(encoding, errors)
UnicodeDecodeError: 'utf-8' codec can't decode byte 0xd7 in position 0: invalid continuation byte
